[0;35mdebug:[0m readme found at README.md 
[0;35mdebug:[0m summary file found at SUMMARY.md 
[0;35mdebug:[0m cleanup folder "/tmp/tmp-431KmAdA4ABil4" 
[0;36minfo:[0m 7 plugins are installed 
[0;36minfo:[0m 6 explicitly listed 
[0;36minfo:[0m loading plugin "highlight"... [0;32mOK[0m 
[0;36minfo:[0m loading plugin "search"... [0;32mOK[0m 
[0;36minfo:[0m loading plugin "lunr"... [0;32mOK[0m 
[0;36minfo:[0m loading plugin "sharing"... [0;32mOK[0m 
[0;36minfo:[0m loading plugin "fontsettings"... [0;32mOK[0m 
[0;36minfo:[0m loading plugin "theme-default"... [0;32mOK[0m 
[0;36minfo:[0m found 16 pages 
[0;36minfo:[0m found 5 asset files 
[0;35mdebug:[0m calling hook "config" 
[0;35mdebug:[0m calling hook "init" 
[0;35mdebug:[0m copy assets from theme /home/lisu/.gitbook/versions/3.2.3/node_modules/gitbook-plugin-theme-default/_assets/ebook 
[0;35mdebug:[0m copy resources from plugin /home/lisu/.gitbook/versions/3.2.3/node_modules/gitbook-plugin-highlight/css 
[0;35mdebug:[0m copy asset ".gitlab-ci.yml" 
[0;35mdebug:[0m copy asset "AutoUpdateGit.sh" 
[0;35mdebug:[0m copy asset "assets/5445_2560x1600.jpg" 
[0;35mdebug:[0m copy asset "book.pdf" 
[0;35mdebug:[0m copy asset "log.log" 
[0;35mdebug:[0m generate page "README.md" 
[0;35mdebug:[0m calling hook "page:before" 
[0;35mdebug:[0m calling hook "page" 
[0;35mdebug:[0m generate page "timeline.md" 
[0;35mdebug:[0m calling hook "page:before" 
[0;35mdebug:[0m calling hook "page" 
[0;35mdebug:[0m generate page "dynamicbone.md" 
[0;35mdebug:[0m calling hook "page:before" 
[0;35mdebug:[0m calling hook "page" 
[0;35mdebug:[0m generate page "spine.md" 
[0;35mdebug:[0m calling hook "page:before" 
[0;35mdebug:[0m calling hook "page" 
[0;35mdebug:[0m generate page "jiao-ben-sheng-ming-zhou-qi.md" 
[0;35mdebug:[0m calling hook "page:before" 
[0;35mdebug:[0m calling hook "page" 
